<?xml version="1.0" encoding="UTF-8" standalone="no"?><testsuite errors="0" failures="1" hostname="ABDU-PC" name="default.normalization" tests="1" time="0.958000"><properties>
[...]
</properties><testcase classname="default.normalization" name="normalization_R1" time="0.802000"><failure message="Internal error: Expected R1_expected to be equal to R1_migrated, but it is not [C:\Users\Abdu\git\abdush\BPMN2StateChart\BPMN Normalization\eunits\normalization.eunit@59:2]&#13;&#10;&#9;at org.eclipse.epsilon.eunit.operations.ExtraEUnitOperationContributor.compareModels[ExtraEUnitOperationContributor.java:255]&#13;&#10;&#9;at org.eclipse.epsilon.eunit.operations.ExtraEUnitOperationContributor.assertEqualModels[ExtraEUnitOperationContributor.java:60]&#13;&#10;&#9;at sun.reflect.NativeMethodAccessorImpl.invoke0[Native Method]&#13;&#10;&#9;at sun.reflect.NativeMethodAccessorImpl.invoke[Unknown Source]&#13;&#10;&#9;at sun.reflect.DelegatingMethodAccessorImpl.invoke[Unknown Source]&#13;&#10;&#9;at java.lang.reflect.Method.invoke[Unknown Source]&#13;&#10;&#9;at org.eclipse.epsilon.eol.util.ReflectionUtil.executeMethod[ReflectionUtil.java:187]&#13;&#10;&#9;at org.eclipse.epsilon.eol.util.ReflectionUtil.executeMethod[ReflectionUtil.java:163]&#13;&#10;&#9;at org.eclipse.epsilon.eol.execute.PointExecutor.executeOperation[PointExecutor.java:174]&#13;&#10;&#9;at org.eclipse.epsilon.eol.execute.PointExecutor.execute[PointExecutor.java:89]&#13;&#10;&#9;at org.eclipse.epsilon.eol.execute.ContextlessOperationExecutor.execute[ContextlessOperationExecutor.java:27]&#13;&#10;&#9;at org.eclipse.epsilon.eol.execute.NameExecutor.execute[NameExecutor.java:38]&#13;&#10;&#9;at org.eclipse.epsilon.eol.execute.NameExecutor.execute[NameExecutor.java:97]&#13;&#10;&#9;at org.eclipse.epsilon.eol.execute.ExecutorFactory.executeAST[ExecutorFactory.java:190]&#13;&#10;&#9;at org.eclipse.epsilon.eol.execute.ExecutorFactory.executeAST[ExecutorFactory.java:160]&#13;&#10;&#9;at org.eclipse.epsilon.eol.execute.StatementBlockExecutor.execute[StatementBlockExecutor.java:26]&#13;&#10;&#9;at org.eclipse.epsilon.eol.execute.ExecutorFactory.executeAST[ExecutorFactory.java:190]&#13;&#10;&#9;at org.eclipse.epsilon.eol.EolOperation.executeBody[EolOperation.java:276]&#13;&#10;&#9;at org.eclipse.epsilon.eol.EolOperation.execute[EolOperation.java:248]&#13;&#10;&#9;at org.eclipse.epsilon.eunit.EUnitModule.runLeafTestCase[EUnitModule.java:414]&#13;&#10;&#9;at org.eclipse.epsilon.eunit.EUnitModule.runSuiteInternal[EUnitModule.java:342]&#13;&#10;&#9;at org.eclipse.epsilon.eunit.EUnitModule.runSuite[EUnitModule.java:165]&#13;&#10;&#9;at org.eclipse.epsilon.eunit.EUnitModule.runInnerTestCase[EUnitModule.java:369]&#13;&#10;&#9;at org.eclipse.epsilon.eunit.EUnitModule.runSuiteInternal[EUnitModule.java:344]&#13;&#10;&#9;at org.eclipse.epsilon.eunit.EUnitModule.runSuite[EUnitModule.java:165]&#13;&#10;&#9;at org.eclipse.epsilon.eunit.EUnitModule.execute[EUnitModule.java:126]&#13;&#10;&#9;at org.eclipse.epsilon.workflow.tasks.ExecutableModuleTask.executeImpl[ExecutableModuleTask.java:193]&#13;&#10;&#9;at org.eclipse.epsilon.workflow.tasks.EpsilonTask.execute[EpsilonTask.java:42]&#13;&#10;&#9;at org.apache.tools.ant.UnknownElement.execute[UnknownElement.java:291]&#13;&#10;&#9;at sun.reflect.NativeMethodAccessorImpl.invoke0[Native Method]&#13;&#10;&#9;at sun.reflect.NativeMethodAccessorImpl.invoke[Unknown Source]&#13;&#10;&#9;at sun.reflect.DelegatingMethodAccessorImpl.invoke[Unknown Source]&#13;&#10;&#9;at java.lang.reflect.Method.invoke[Unknown Source]&#13;&#10;&#9;at org.apache.tools.ant.dispatch.DispatchUtils.execute[DispatchUtils.java:106]&#13;&#10;&#9;at org.apache.tools.ant.Task.perform[Task.java:348]&#13;&#10;&#9;at org.apache.tools.ant.Target.execute[Target.java:392]&#13;&#10;&#9;at org.apache.tools.ant.Target.performTasks[Target.java:413]&#13;&#10;&#9;at org.apache.tools.ant.Project.executeSortedTargets[Project.java:1399]&#13;&#10;&#9;at org.apache.tools.ant.Project.executeTarget[Project.java:1368]&#13;&#10;&#9;at org.apache.tools.ant.helper.DefaultExecutor.executeTargets[DefaultExecutor.java:41]&#13;&#10;&#9;at org.eclipse.ant.internal.core.ant.EclipseDefaultExecutor.executeTargets[EclipseDefaultExecutor.java:32]&#13;&#10;&#9;at org.apache.tools.ant.Project.executeTargets[Project.java:1251]&#13;&#10;&#9;at org.eclipse.ant.internal.core.ant.InternalAntRunner.run[InternalAntRunner.java:672]&#13;&#10;&#9;at org.eclipse.ant.internal.core.ant.InternalAntRunner.run[InternalAntRunner.java:498]&#13;&#10;&#9;at sun.reflect.NativeMethodAccessorImpl.invoke0[Native Method]&#13;&#10;&#9;at sun.reflect.NativeMethodAccessorImpl.invoke[Unknown Source]&#13;&#10;&#9;at sun.reflect.DelegatingMethodAccessorImpl.invoke[Unknown Source]&#13;&#10;&#9;at java.lang.reflect.Method.invoke[Unknown Source]&#13;&#10;&#9;at org.eclipse.ant.core.AntRunner.run[AntRunner.java:378]&#13;&#10;&#9;at org.eclipse.ant.internal.launching.launchConfigurations.AntLaunchDelegate$1.run[AntLaunchDelegate.java:284]&#13;&#10;&#9;at java.lang.Thread.run[Unknown Source]&#13;&#10; (C:\Users\Abdu\git\abdush\BPMN2StateChart\BPMN Normalization\eunits\normalization.eunit@59:2)" type="org.eclipse.epsilon.eol.exceptions.EolInternalException">Internal error: Expected R1_expected to be equal to R1_migrated, but it is not [C:\Users\Abdu\git\abdush\BPMN2StateChart\BPMN Normalization\eunits\normalization.eunit@59:2]&#13;
	at org.eclipse.epsilon.eunit.operations.ExtraEUnitOperationContributor.compareModels[ExtraEUnitOperationContributor.java:255]&#13;
	at org.eclipse.epsilon.eunit.operations.ExtraEUnitOperationContributor.assertEqualModels[ExtraEUnitOperationContributor.java:60]&#13;
	at sun.reflect.NativeMethodAccessorImpl.invoke0[Native Method]&#13;
	at sun.reflect.NativeMethodAccessorImpl.invoke[Unknown Source]&#13;
	at sun.reflect.DelegatingMethodAccessorImpl.invoke[Unknown Source]&#13;
	at java.lang.reflect.Method.invoke[Unknown Source]&#13;
	at org.eclipse.epsilon.eol.util.ReflectionUtil.executeMethod[ReflectionUtil.java:187]&#13;
	at org.eclipse.epsilon.eol.util.ReflectionUtil.executeMethod[ReflectionUtil.java:163]&#13;
	at org.eclipse.epsilon.eol.execute.PointExecutor.executeOperation[PointExecutor.java:174]&#13;
	at org.eclipse.epsilon.eol.execute.PointExecutor.execute[PointExecutor.java:89]&#13;
	at org.eclipse.epsilon.eol.execute.ContextlessOperationExecutor.execute[ContextlessOperationExecutor.java:27]&#13;
	at org.eclipse.epsilon.eol.execute.NameExecutor.execute[NameExecutor.java:38]&#13;
	at org.eclipse.epsilon.eol.execute.NameExecutor.execute[NameExecutor.java:97]&#13;
	at org.eclipse.epsilon.eol.execute.ExecutorFactory.executeAST[ExecutorFactory.java:190]&#13;
	at org.eclipse.epsilon.eol.execute.ExecutorFactory.executeAST[ExecutorFactory.java:160]&#13;
	at org.eclipse.epsilon.eol.execute.StatementBlockExecutor.execute[StatementBlockExecutor.java:26]&#13;
	at org.eclipse.epsilon.eol.execute.ExecutorFactory.executeAST[ExecutorFactory.java:190]&#13;
	at org.eclipse.epsilon.eol.EolOperation.executeBody[EolOperation.java:276]&#13;
	at org.eclipse.epsilon.eol.EolOperation.execute[EolOperation.java:248]&#13;
	at org.eclipse.epsilon.eunit.EUnitModule.runLeafTestCase[EUnitModule.java:414]&#13;
	at org.eclipse.epsilon.eunit.EUnitModule.runSuiteInternal[EUnitModule.java:342]&#13;
	at org.eclipse.epsilon.eunit.EUnitModule.runSuite[EUnitModule.java:165]&#13;
	at org.eclipse.epsilon.eunit.EUnitModule.runInnerTestCase[EUnitModule.java:369]&#13;
	at org.eclipse.epsilon.eunit.EUnitModule.runSuiteInternal[EUnitModule.java:344]&#13;
	at org.eclipse.epsilon.eunit.EUnitModule.runSuite[EUnitModule.java:165]&#13;
	at org.eclipse.epsilon.eunit.EUnitModule.execute[EUnitModule.java:126]&#13;
	at org.eclipse.epsilon.workflow.tasks.ExecutableModuleTask.executeImpl[ExecutableModuleTask.java:193]&#13;
	at org.eclipse.epsilon.workflow.tasks.EpsilonTask.execute[EpsilonTask.java:42]&#13;
	at org.apache.tools.ant.UnknownElement.execute[UnknownElement.java:291]&#13;
	at sun.reflect.NativeMethodAccessorImpl.invoke0[Native Method]&#13;
	at sun.reflect.NativeMethodAccessorImpl.invoke[Unknown Source]&#13;
	at sun.reflect.DelegatingMethodAccessorImpl.invoke[Unknown Source]&#13;
	at java.lang.reflect.Method.invoke[Unknown Source]&#13;
	at org.apache.tools.ant.dispatch.DispatchUtils.execute[DispatchUtils.java:106]&#13;
	at org.apache.tools.ant.Task.perform[Task.java:348]&#13;
	at org.apache.tools.ant.Target.execute[Target.java:392]&#13;
	at org.apache.tools.ant.Target.performTasks[Target.java:413]&#13;
	at org.apache.tools.ant.Project.executeSortedTargets[Project.java:1399]&#13;
	at org.apache.tools.ant.Project.executeTarget[Project.java:1368]&#13;
	at org.apache.tools.ant.helper.DefaultExecutor.executeTargets[DefaultExecutor.java:41]&#13;
	at org.eclipse.ant.internal.core.ant.EclipseDefaultExecutor.executeTargets[EclipseDefaultExecutor.java:32]&#13;
	at org.apache.tools.ant.Project.executeTargets[Project.java:1251]&#13;
	at org.eclipse.ant.internal.core.ant.InternalAntRunner.run[InternalAntRunner.java:672]&#13;
	at org.eclipse.ant.internal.core.ant.InternalAntRunner.run[InternalAntRunner.java:498]&#13;
	at sun.reflect.NativeMethodAccessorImpl.invoke0[Native Method]&#13;
	at sun.reflect.NativeMethodAccessorImpl.invoke[Unknown Source]&#13;
	at sun.reflect.DelegatingMethodAccessorImpl.invoke[Unknown Source]&#13;
	at java.lang.reflect.Method.invoke[Unknown Source]&#13;
	at org.eclipse.ant.core.AntRunner.run[AntRunner.java:378]&#13;
	at org.eclipse.ant.internal.launching.launchConfigurations.AntLaunchDelegate$1.run[AntLaunchDelegate.java:284]&#13;
	at java.lang.Thread.run[Unknown Source]&#13;
 (C:\Users\Abdu\git\abdush\BPMN2StateChart\BPMN Normalization\eunits\normalization.eunit@59:2)&#13;
	at org.eclipse.epsilon.eunit.operations.ExtraEUnitOperationContributor.compareModels(ExtraEUnitOperationContributor.java:255)&#13;
	at org.eclipse.epsilon.eunit.operations.ExtraEUnitOperationContributor.assertEqualModels(ExtraEUnitOperationContributor.java:60)&#13;
	at sun.reflect.NativeMethodAccessorImpl.invoke0(Native Method)&#13;
	at sun.reflect.NativeMethodAccessorImpl.invoke(Unknown Source)&#13;
	at sun.reflect.DelegatingMethodAccessorImpl.invoke(Unknown Source)&#13;
	at java.lang.reflect.Method.invoke(Unknown Source)&#13;
	at org.eclipse.epsilon.eol.util.ReflectionUtil.executeMethod(ReflectionUtil.java:187)&#13;
	at org.eclipse.epsilon.eol.util.ReflectionUtil.executeMethod(ReflectionUtil.java:163)&#13;
	at org.eclipse.epsilon.eol.execute.PointExecutor.executeOperation(PointExecutor.java:174)&#13;
	at org.eclipse.epsilon.eol.execute.PointExecutor.execute(PointExecutor.java:89)&#13;
	at org.eclipse.epsilon.eol.execute.ContextlessOperationExecutor.execute(ContextlessOperationExecutor.java:27)&#13;
	at org.eclipse.epsilon.eol.execute.NameExecutor.execute(NameExecutor.java:38)&#13;
	at org.eclipse.epsilon.eol.execute.NameExecutor.execute(NameExecutor.java:97)&#13;
	at org.eclipse.epsilon.eol.execute.ExecutorFactory.executeAST(ExecutorFactory.java:190)&#13;
	at org.eclipse.epsilon.eol.execute.ExecutorFactory.executeAST(ExecutorFactory.java:160)&#13;
	at org.eclipse.epsilon.eol.execute.StatementBlockExecutor.execute(StatementBlockExecutor.java:26)&#13;
	at org.eclipse.epsilon.eol.execute.ExecutorFactory.executeAST(ExecutorFactory.java:190)&#13;
	at org.eclipse.epsilon.eol.EolOperation.executeBody(EolOperation.java:276)&#13;
	at org.eclipse.epsilon.eol.EolOperation.execute(EolOperation.java:248)&#13;
	at org.eclipse.epsilon.eunit.EUnitModule.runLeafTestCase(EUnitModule.java:414)&#13;
	at org.eclipse.epsilon.eunit.EUnitModule.runSuiteInternal(EUnitModule.java:342)&#13;
	at org.eclipse.epsilon.eunit.EUnitModule.runSuite(EUnitModule.java:165)&#13;
	at org.eclipse.epsilon.eunit.EUnitModule.runInnerTestCase(EUnitModule.java:369)&#13;
	at org.eclipse.epsilon.eunit.EUnitModule.runSuiteInternal(EUnitModule.java:344)&#13;
	at org.eclipse.epsilon.eunit.EUnitModule.runSuite(EUnitModule.java:165)&#13;
	at org.eclipse.epsilon.eunit.EUnitModule.execute(EUnitModule.java:126)&#13;
	at org.eclipse.epsilon.workflow.tasks.ExecutableModuleTask.executeImpl(ExecutableModuleTask.java:193)&#13;
	at org.eclipse.epsilon.workflow.tasks.EpsilonTask.execute(EpsilonTask.java:42)&#13;
	at org.apache.tools.ant.UnknownElement.execute(UnknownElement.java:291)&#13;
	at sun.reflect.NativeMethodAccessorImpl.invoke0(Native Method)&#13;
	at sun.reflect.NativeMethodAccessorImpl.invoke(Unknown Source)&#13;
	at sun.reflect.DelegatingMethodAccessorImpl.invoke(Unknown Source)&#13;
	at java.lang.reflect.Method.invoke(Unknown Source)&#13;
	at org.apache.tools.ant.dispatch.DispatchUtils.execute(DispatchUtils.java:106)&#13;
	at org.apache.tools.ant.Task.perform(Task.java:348)&#13;
	at org.apache.tools.ant.Target.execute(Target.java:392)&#13;
	at org.apache.tools.ant.Target.performTasks(Target.java:413)&#13;
	at org.apache.tools.ant.Project.executeSortedTargets(Project.java:1399)&#13;
	at org.apache.tools.ant.Project.executeTarget(Project.java:1368)&#13;
	at org.apache.tools.ant.helper.DefaultExecutor.executeTargets(DefaultExecutor.java:41)&#13;
	at org.eclipse.ant.internal.core.ant.EclipseDefaultExecutor.executeTargets(EclipseDefaultExecutor.java:32)&#13;
	at org.apache.tools.ant.Project.executeTargets(Project.java:1251)&#13;
	at org.eclipse.ant.internal.core.ant.InternalAntRunner.run(InternalAntRunner.java:672)&#13;
	at org.eclipse.ant.internal.core.ant.InternalAntRunner.run(InternalAntRunner.java:498)&#13;
	at sun.reflect.NativeMethodAccessorImpl.invoke0(Native Method)&#13;
	at sun.reflect.NativeMethodAccessorImpl.invoke(Unknown Source)&#13;
	at sun.reflect.DelegatingMethodAccessorImpl.invoke(Unknown Source)&#13;
	at java.lang.reflect.Method.invoke(Unknown Source)&#13;
	at org.eclipse.ant.core.AntRunner.run(AntRunner.java:378)&#13;
	at org.eclipse.ant.internal.launching.launchConfigurations.AntLaunchDelegate$1.run(AntLaunchDelegate.java:284)&#13;
	at java.lang.Thread.run(Unknown Source)&#13;
Caused by: Expected R1_expected to be equal to R1_migrated, but it is not (C:\Users\Abdu\git\abdush\BPMN2StateChart\BPMN Normalization\eunits\normalization.eunit@59:2)&#13;
	... 51 more&#13;
</failure></testcase><system-out/><system-err>Test normalization_R1 {} failed with status FAILURE: Internal error: Expected R1_expected to be equal to R1_migrated, but it is not [C:\Users\Abdu\git\abdush\BPMN2StateChart\BPMN Normalization\eunits\normalization.eunit@59:2]&#13;
	at org.eclipse.epsilon.eunit.operations.ExtraEUnitOperationContributor.compareModels[ExtraEUnitOperationContributor.java:255]&#13;
	at org.eclipse.epsilon.eunit.operations.ExtraEUnitOperationContributor.assertEqualModels[ExtraEUnitOperationContributor.java:60]&#13;
	at sun.reflect.NativeMethodAccessorImpl.invoke0[Native Method]&#13;
	at sun.reflect.NativeMethodAccessorImpl.invoke[Unknown Source]&#13;
	at sun.reflect.DelegatingMethodAccessorImpl.invoke[Unknown Source]&#13;
	at java.lang.reflect.Method.invoke[Unknown Source]&#13;
	at org.eclipse.epsilon.eol.util.ReflectionUtil.executeMethod[ReflectionUtil.java:187]&#13;
	at org.eclipse.epsilon.eol.util.ReflectionUtil.executeMethod[ReflectionUtil.java:163]&#13;
	at org.eclipse.epsilon.eol.execute.PointExecutor.executeOperation[PointExecutor.java:174]&#13;
	at org.eclipse.epsilon.eol.execute.PointExecutor.execute[PointExecutor.java:89]&#13;
	at org.eclipse.epsilon.eol.execute.ContextlessOperationExecutor.execute[ContextlessOperationExecutor.java:27]&#13;
	at org.eclipse.epsilon.eol.execute.NameExecutor.execute[NameExecutor.java:38]&#13;
	at org.eclipse.epsilon.eol.execute.NameExecutor.execute[NameExecutor.java:97]&#13;
	at org.eclipse.epsilon.eol.execute.ExecutorFactory.executeAST[ExecutorFactory.java:190]&#13;
	at org.eclipse.epsilon.eol.execute.ExecutorFactory.executeAST[ExecutorFactory.java:160]&#13;
	at org.eclipse.epsilon.eol.execute.StatementBlockExecutor.execute[StatementBlockExecutor.java:26]&#13;
	at org.eclipse.epsilon.eol.execute.ExecutorFactory.executeAST[ExecutorFactory.java:190]&#13;
	at org.eclipse.epsilon.eol.EolOperation.executeBody[EolOperation.java:276]&#13;
	at org.eclipse.epsilon.eol.EolOperation.execute[EolOperation.java:248]&#13;
	at org.eclipse.epsilon.eunit.EUnitModule.runLeafTestCase[EUnitModule.java:414]&#13;
	at org.eclipse.epsilon.eunit.EUnitModule.runSuiteInternal[EUnitModule.java:342]&#13;
	at org.eclipse.epsilon.eunit.EUnitModule.runSuite[EUnitModule.java:165]&#13;
	at org.eclipse.epsilon.eunit.EUnitModule.runInnerTestCase[EUnitModule.java:369]&#13;
	at org.eclipse.epsilon.eunit.EUnitModule.runSuiteInternal[EUnitModule.java:344]&#13;
	at org.eclipse.epsilon.eunit.EUnitModule.runSuite[EUnitModule.java:165]&#13;
	at org.eclipse.epsilon.eunit.EUnitModule.execute[EUnitModule.java:126]&#13;
	at org.eclipse.epsilon.workflow.tasks.ExecutableModuleTask.executeImpl[ExecutableModuleTask.java:193]&#13;
	at org.eclipse.epsilon.workflow.tasks.EpsilonTask.execute[EpsilonTask.java:42]&#13;
	at org.apache.tools.ant.UnknownElement.execute[UnknownElement.java:291]&#13;
	at sun.reflect.NativeMethodAccessorImpl.invoke0[Native Method]&#13;
	at sun.reflect.NativeMethodAccessorImpl.invoke[Unknown Source]&#13;
	at sun.reflect.DelegatingMethodAccessorImpl.invoke[Unknown Source]&#13;
	at java.lang.reflect.Method.invoke[Unknown Source]&#13;
	at org.apache.tools.ant.dispatch.DispatchUtils.execute[DispatchUtils.java:106]&#13;
	at org.apache.tools.ant.Task.perform[Task.java:348]&#13;
	at org.apache.tools.ant.Target.execute[Target.java:392]&#13;
	at org.apache.tools.ant.Target.performTasks[Target.java:413]&#13;
	at org.apache.tools.ant.Project.executeSortedTargets[Project.java:1399]&#13;
	at org.apache.tools.ant.Project.executeTarget[Project.java:1368]&#13;
	at org.apache.tools.ant.helper.DefaultExecutor.executeTargets[DefaultExecutor.java:41]&#13;
	at org.eclipse.ant.internal.core.ant.EclipseDefaultExecutor.executeTargets[EclipseDefaultExecutor.java:32]&#13;
	at org.apache.tools.ant.Project.executeTargets[Project.java:1251]&#13;
	at org.eclipse.ant.internal.core.ant.InternalAntRunner.run[InternalAntRunner.java:672]&#13;
	at org.eclipse.ant.internal.core.ant.InternalAntRunner.run[InternalAntRunner.java:498]&#13;
	at sun.reflect.NativeMethodAccessorImpl.invoke0[Native Method]&#13;
	at sun.reflect.NativeMethodAccessorImpl.invoke[Unknown Source]&#13;
	at sun.reflect.DelegatingMethodAccessorImpl.invoke[Unknown Source]&#13;
	at java.lang.reflect.Method.invoke[Unknown Source]&#13;
	at org.eclipse.ant.core.AntRunner.run[AntRunner.java:378]&#13;
	at org.eclipse.ant.internal.launching.launchConfigurations.AntLaunchDelegate$1.run[AntLaunchDelegate.java:284]&#13;
	at java.lang.Thread.run[Unknown Source]&#13;
 (C:\Users\Abdu\git\abdush\BPMN2StateChart\BPMN Normalization\eunits\normalization.eunit@59:2)&#13;
Test root {} failed with status FAILURE: Internal error: Expected R1_expected to be equal to R1_migrated, but it is not [C:\Users\Abdu\git\abdush\BPMN2StateChart\BPMN Normalization\eunits\normalization.eunit@59:2]&#13;
	at org.eclipse.epsilon.eunit.operations.ExtraEUnitOperationContributor.compareModels[ExtraEUnitOperationContributor.java:255]&#13;
	at org.eclipse.epsilon.eunit.operations.ExtraEUnitOperationContributor.assertEqualModels[ExtraEUnitOperationContributor.java:60]&#13;
	at sun.reflect.NativeMethodAccessorImpl.invoke0[Native Method]&#13;
	at sun.reflect.NativeMethodAccessorImpl.invoke[Unknown Source]&#13;
	at sun.reflect.DelegatingMethodAccessorImpl.invoke[Unknown Source]&#13;
	at java.lang.reflect.Method.invoke[Unknown Source]&#13;
	at org.eclipse.epsilon.eol.util.ReflectionUtil.executeMethod[ReflectionUtil.java:187]&#13;
	at org.eclipse.epsilon.eol.util.ReflectionUtil.executeMethod[ReflectionUtil.java:163]&#13;
	at org.eclipse.epsilon.eol.execute.PointExecutor.executeOperation[PointExecutor.java:174]&#13;
	at org.eclipse.epsilon.eol.execute.PointExecutor.execute[PointExecutor.java:89]&#13;
	at org.eclipse.epsilon.eol.execute.ContextlessOperationExecutor.execute[ContextlessOperationExecutor.java:27]&#13;
	at org.eclipse.epsilon.eol.execute.NameExecutor.execute[NameExecutor.java:38]&#13;
	at org.eclipse.epsilon.eol.execute.NameExecutor.execute[NameExecutor.java:97]&#13;
	at org.eclipse.epsilon.eol.execute.ExecutorFactory.executeAST[ExecutorFactory.java:190]&#13;
	at org.eclipse.epsilon.eol.execute.ExecutorFactory.executeAST[ExecutorFactory.java:160]&#13;
	at org.eclipse.epsilon.eol.execute.StatementBlockExecutor.execute[StatementBlockExecutor.java:26]&#13;
	at org.eclipse.epsilon.eol.execute.ExecutorFactory.executeAST[ExecutorFactory.java:190]&#13;
	at org.eclipse.epsilon.eol.EolOperation.executeBody[EolOperation.java:276]&#13;
	at org.eclipse.epsilon.eol.EolOperation.execute[EolOperation.java:248]&#13;
	at org.eclipse.epsilon.eunit.EUnitModule.runLeafTestCase[EUnitModule.java:414]&#13;
	at org.eclipse.epsilon.eunit.EUnitModule.runSuiteInternal[EUnitModule.java:342]&#13;
	at org.eclipse.epsilon.eunit.EUnitModule.runSuite[EUnitModule.java:165]&#13;
	at org.eclipse.epsilon.eunit.EUnitModule.runInnerTestCase[EUnitModule.java:369]&#13;
	at org.eclipse.epsilon.eunit.EUnitModule.runSuiteInternal[EUnitModule.java:344]&#13;
	at org.eclipse.epsilon.eunit.EUnitModule.runSuite[EUnitModule.java:165]&#13;
	at org.eclipse.epsilon.eunit.EUnitModule.execute[EUnitModule.java:126]&#13;
	at org.eclipse.epsilon.workflow.tasks.ExecutableModuleTask.executeImpl[ExecutableModuleTask.java:193]&#13;
	at org.eclipse.epsilon.workflow.tasks.EpsilonTask.execute[EpsilonTask.java:42]&#13;
	at org.apache.tools.ant.UnknownElement.execute[UnknownElement.java:291]&#13;
	at sun.reflect.NativeMethodAccessorImpl.invoke0[Native Method]&#13;
	at sun.reflect.NativeMethodAccessorImpl.invoke[Unknown Source]&#13;
	at sun.reflect.DelegatingMethodAccessorImpl.invoke[Unknown Source]&#13;
	at java.lang.reflect.Method.invoke[Unknown Source]&#13;
	at org.apache.tools.ant.dispatch.DispatchUtils.execute[DispatchUtils.java:106]&#13;
	at org.apache.tools.ant.Task.perform[Task.java:348]&#13;
	at org.apache.tools.ant.Target.execute[Target.java:392]&#13;
	at org.apache.tools.ant.Target.performTasks[Target.java:413]&#13;
	at org.apache.tools.ant.Project.executeSortedTargets[Project.java:1399]&#13;
	at org.apache.tools.ant.Project.executeTarget[Project.java:1368]&#13;
	at org.apache.tools.ant.helper.DefaultExecutor.executeTargets[DefaultExecutor.java:41]&#13;
	at org.eclipse.ant.internal.core.ant.EclipseDefaultExecutor.executeTargets[EclipseDefaultExecutor.java:32]&#13;
	at org.apache.tools.ant.Project.executeTargets[Project.java:1251]&#13;
	at org.eclipse.ant.internal.core.ant.InternalAntRunner.run[InternalAntRunner.java:672]&#13;
	at org.eclipse.ant.internal.core.ant.InternalAntRunner.run[InternalAntRunner.java:498]&#13;
	at sun.reflect.NativeMethodAccessorImpl.invoke0[Native Method]&#13;
	at sun.reflect.NativeMethodAccessorImpl.invoke[Unknown Source]&#13;
	at sun.reflect.DelegatingMethodAccessorImpl.invoke[Unknown Source]&#13;
	at java.lang.reflect.Method.invoke[Unknown Source]&#13;
	at org.eclipse.ant.core.AntRunner.run[AntRunner.java:378]&#13;
	at org.eclipse.ant.internal.launching.launchConfigurations.AntLaunchDelegate$1.run[AntLaunchDelegate.java:284]&#13;
	at java.lang.Thread.run[Unknown Source]&#13;
 (C:\Users\Abdu\git\abdush\BPMN2StateChart\BPMN Normalization\eunits\normalization.eunit@59:2)&#13;
</system-err></testsuite>