<?xml version="1.0" encoding="UTF-8" standalone="no"?><testsuite errors="0" failures="0" hostname="ABDU-PC" name="default.BPMN_Validation" tests="4" time="1.11600"><properties>
[...]
</properties><testcase classname="default.BPMN_Validation" name="valid" time="0.256000"/><testcase classname="default.BPMN_Validation" name="error_invalid_elements_and_no_data" time="0.206000"/><testcase classname="default.BPMN_Validation" name="no_datastates" time="0.206000"/><testcase classname="default.BPMN_Validation" name="error_invalid_multiple_data" time="0.204000"/><system-out>Test valid {} passed [cpu: 250 ms, wallclock: 256 ms]&#13;
Test error_invalid_elements_and_no_data {} passed [cpu: 203 ms, wallclock: 206 ms]&#13;
Test no_datastates {} passed [cpu: 171 ms, wallclock: 206 ms]&#13;
Test error_invalid_multiple_data {} passed [cpu: 187 ms, wallclock: 204 ms]&#13;
Test root {} passed [cpu: 843 ms, wallclock: 1116 ms]&#13;
</system-out><system-err/></testsuite>